2021/05/08 15:08:20 [error] [exception.CHttpException.404] exception 'CHttpException' with message 'The requested page does not exist.' in /srv/http/sicon-legacy/inscricao/protected/controllers/ColaboradorController.php:170
Stack trace:
#0 /srv/http/sicon-legacy/inscricao/protected/controllers/ColaboradorController.php(55): ColaboradorController->loadcolaborador()
#1 /srv/http/sicon-legacy/yii/framework/web/actions/CInlineAction.php(32): ColaboradorController->actionShow()
#2 /srv/http/sicon-legacy/yii/framework/web/CController.php(300): CInlineAction->run()
#3 /srv/http/sicon-legacy/yii/framework/web/filters/CFilterChain.php(129): CController->runAction(Object(CInlineAction))
#4 /srv/http/sicon-legacy/yii/framework/web/filters/CFilter.php(41): CFilterChain->run()
#5 /srv/http/sicon-legacy/yii/framework/web/CController.php(957): CFilter->filter(Object(CFilterChain))
#6 /srv/http/sicon-legacy/yii/framework/web/filters/CInlineFilter.php(59): CController->filterAccessControl(Object(CFilterChain))
#7 /srv/http/sicon-legacy/yii/framework/web/filters/CFilterChain.php(126): CInlineFilter->filter(Object(CFilterChain))
#8 /srv/http/sicon-legacy/yii/framework/web/CController.php(283): CFilterChain->run()
#9 /srv/http/sicon-legacy/yii/framework/web/CController.php(257): CController->runActionWithFilters(Object(CInlineAction), Array)
#10 /srv/http/sicon-legacy/yii/framework/web/CWebApplication.php(332): CController->run('show')
#11 /srv/http/sicon-legacy/yii/framework/web/CWebApplication.php(120): CWebApplication->runController('colaborador/sho...')
#12 /srv/http/sicon-legacy/yii/framework/base/CApplication.php(135): CWebApplication->processRequest()
#13 /srv/http/sicon-legacy/inscricao/index.php(11): CApplication->run()
#14 {main} REQUEST_URI=/sicon-legacy/inscricao/index.php?r=colaborador/show
2021/05/08 16:47:04 [error] [exception.CException] exception 'CException' with message 'A propriedade "CWebUser.nome_usuario" n&atilde;o est&aacute; definida.' in /srv/http/sicon-legacy/yii/framework/base/CComponent.php:120
Stack trace:
#0 /srv/http/sicon-legacy/yii/framework/web/auth/CWebUser.php(97): CComponent->__get('nome_usuario')
#1 /srv/http/sicon-legacy/inscricao/protected/views/site/index.php(8): CWebUser->__get('nome_usuario')
#2 /srv/http/sicon-legacy/yii/framework/web/CBaseController.php(119): require('/srv/http/sicon...')
#3 /srv/http/sicon-legacy/yii/framework/web/CBaseController.php(88): CBaseController->renderInternal('/srv/http/sicon...', Array, true)
#4 /srv/http/sicon-legacy/yii/framework/web/CController.php(706): CBaseController->renderFile('/srv/http/sicon...', Array, true)
#5 /srv/http/sicon-legacy/yii/framework/web/CController.php(645): CController->renderPartial('index', Array, true)
#6 /srv/http/sicon-legacy/inscricao/protected/controllers/SiteController.php(37): CController->render('index', Array)
#7 /srv/http/sicon-legacy/yii/framework/web/actions/CInlineAction.php(32): SiteController->actionIndex()
#8 /srv/http/sicon-legacy/yii/framework/web/CController.php(300): CInlineAction->run()
#9 /srv/http/sicon-legacy/yii/framework/web/CController.php(278): CController->runAction(Object(CInlineAction))
#10 /srv/http/sicon-legacy/yii/framework/web/CController.php(257): CController->runActionWithFilters(Object(CInlineAction), Array)
#11 /srv/http/sicon-legacy/yii/framework/web/CWebApplication.php(332): CController->run('')
#12 /srv/http/sicon-legacy/yii/framework/web/CWebApplication.php(120): CWebApplication->runController('')
#13 /srv/http/sicon-legacy/yii/framework/base/CApplication.php(135): CWebApplication->processRequest()
#14 /srv/http/sicon-legacy/inscricao/index.php(11): CApplication->run()
#15 {main} REQUEST_URI=/sicon-legacy/inscricao/index.php
